2019-01-25 00:16:54|DEBUG|succeed to upload file to qiniu|{"hash":"FmgoJg7YlDkCwCtDS-fDPF_I5JIt","key":"20190125001653_ab8290a3625c65f6ed888ab188a05e88"}
2019-01-25 00:44:27|DEBUG|succeed to upload file to qiniu|{"hash":"FjmBqi_91HVrn7S7oArMDyGGqVsL","key":"20190125004427_345ee23a9b4c71bdbd160fbfd19b4b90"}
2019-01-25 11:48:38|DEBUG|succeed to upload file to qiniu|{"hash":"Fvunzth5y9-PRozeXfDEegb4cbUK","key":"20190125114838_d091ae75416dfdc4fdc2b3ab02e1cb1b"}
2019-01-25 12:14:39|DEBUG|succeed to upload file to qiniu|{"hash":"FqmTLP_cTiWixeNTUf3d3pLOwhgm","key":"20190125121439_c316fbcf6048c19aeb922d49559391fc"}
2019-01-25 12:14:40|DEBUG|succeed to upload file to qiniu|{"hash":"FqmTLP_cTiWixeNTUf3d3pLOwhgm","key":"20190125121439_64dfc41e924fbfc8f7c0fc2aa350824c"}
2019-01-25 12:14:40|DEBUG|succeed to upload file to qiniu|{"hash":"FqmTLP_cTiWixeNTUf3d3pLOwhgm","key":"20190125121439_236c3c7325cb662409b0dce6041038c0"}
2019-01-25 12:14:40|DEBUG|succeed to upload file to qiniu|{"hash":"FqmTLP_cTiWixeNTUf3d3pLOwhgm","key":"20190125121440_d235795f3871e8bcc81ddc8fd1d8049a"}
2019-01-25 12:14:40|DEBUG|succeed to upload file to qiniu|{"hash":"FqmTLP_cTiWixeNTUf3d3pLOwhgm","key":"20190125121440_ee51319279477d61dd601ff255131eb4"}
2019-01-25 12:14:40|DEBUG|succeed to upload file to qiniu|{"hash":"FqmTLP_cTiWixeNTUf3d3pLOwhgm","key":"20190125121440_f939100692b4a74a180aec974ecb9d14"}
2019-01-25 12:14:40|DEBUG|succeed to upload file to qiniu|{"hash":"FqmTLP_cTiWixeNTUf3d3pLOwhgm","key":"20190125121440_6e87e6778c1163f6223dd2793752e685"}
2019-01-25 12:14:41|DEBUG|succeed to upload file to qiniu|{"hash":"FqmTLP_cTiWixeNTUf3d3pLOwhgm","key":"20190125121440_aaae7985f84b165279e9b0f4f08677d7"}
2019-01-25 12:14:41|DEBUG|succeed to upload file to qiniu|{"hash":"FqmTLP_cTiWixeNTUf3d3pLOwhgm","key":"20190125121440_8cff5805638b8ba7cf04ae731030e95d"}
2019-01-25 12:14:41|DEBUG|succeed to upload file to qiniu|{"hash":"FqmTLP_cTiWixeNTUf3d3pLOwhgm","key":"20190125121440_0f23337431f587c987e4e13690c022a2"}
2019-01-25 12:14:41|DEBUG|succeed to upload file to qiniu|{"hash":"FqmTLP_cTiWixeNTUf3d3pLOwhgm","key":"20190125121440_56f6a129182cc4dd62e423042ecb9309"}
2019-01-25 14:38:40|DEBUG|succeed to upload file to qiniu|{"hash":"Fjf7G0-orFkL_yUCnQCpzegDQ9D1","key":"20190125143840_efb917d77ee8a07dea9713af10db1fe1"}
2019-01-25 19:58:38|DEBUG|succeed to upload file to qiniu|{"hash":"Fp9n6VE9eofjt55JNQmq8XnwRcCD","key":"20190125195838_0e40f78f8a504159512dce4ef20a6f7b"}
2019-01-25 21:23:55|DEBUG|succeed to upload file to qiniu|{"hash":"FmXN4qNOSgW3iZg3IVAdR42-P3Zv","key":"20190125212354_927dcb5158b7774ef1295426fdeb7eb5"}
2019-01-25 21:34:58|DEBUG|succeed to upload file to qiniu|{"hash":"FlhsDQU2vhMgbQ2AEs7zewn_RnrL","key":"20190125213458_6ccd5876c07e861794c2f5ae5eccf361"}
2019-01-25 21:39:22|DEBUG|succeed to upload file to qiniu|{"hash":"Fqcduu4X6TUyB27N5n2iuW3Uoqa1","key":"20190125213922_6e375bc4277d6915ed9e7b06a576c1a4"}
2019-01-25 21:59:10|DEBUG|succeed to upload file to qiniu|{"hash":"FjYYmTu6mHnJV8PZARRAiv_bG85P","key":"20190125215910_53faf41c9567826bfa346db0b3a82465"}
